2026-01-27 17:02:08: [dotenv@17.2.3] injecting env (12) from .env -- tip: 🔄 add secrets lifecycle management: https://dotenvx.com/ops
2026-01-27 17:02:12: [dotenv@17.2.3] injecting env (12) from .env -- tip: ⚙️  override existing env vars with { override: true }
2026-01-27 17:02:16: [dotenv@17.2.3] injecting env (12) from .env -- tip: 🔐 encrypt with Dotenvx: https://dotenvx.com
2026-01-27 17:02:21: [dotenv@17.2.3] injecting env (12) from .env -- tip: ⚙️  load multiple .env files with { path: ['.env.local', '.env'] }
2026-01-27 17:02:25: [dotenv@17.2.3] injecting env (12) from .env -- tip: 🔄 add secrets lifecycle management: https://dotenvx.com/ops
2026-01-27 17:02:29: [dotenv@17.2.3] injecting env (12) from .env -- tip: 🛠️  run anywhere with `dotenvx run -- yourcommand`
2026-01-27 17:02:33: [dotenv@17.2.3] injecting env (12) from .env -- tip: ✅ audit secrets and track compliance: https://dotenvx.com/ops
2026-01-27 17:02:37: [dotenv@17.2.3] injecting env (12) from .env -- tip: 🛠️  run anywhere with `dotenvx run -- yourcommand`
2026-01-27 17:02:42: [dotenv@17.2.3] injecting env (12) from .env -- tip: ⚙️  load multiple .env files with { path: ['.env.local', '.env'] }
2026-01-27 17:02:46: [dotenv@17.2.3] injecting env (12) from .env -- tip: 🔑 add access controls to secrets: https://dotenvx.com/ops
2026-01-27 17:02:50: [dotenv@17.2.3] injecting env (12) from .env -- tip: ⚙️  override existing env vars with { override: true }
2026-01-27 17:02:54: [dotenv@17.2.3] injecting env (12) from .env -- tip: 🔐 prevent building .env in docker: https://dotenvx.com/prebuild
2026-01-27 17:02:59: [dotenv@17.2.3] injecting env (12) from .env -- tip: 👥 sync secrets across teammates & machines: https://dotenvx.com/ops
2026-01-27 17:03:03: [dotenv@17.2.3] injecting env (12) from .env -- tip: ✅ audit secrets and track compliance: https://dotenvx.com/ops
2026-01-27 17:03:07: [dotenv@17.2.3] injecting env (12) from .env -- tip: 🔐 encrypt with Dotenvx: https://dotenvx.com
2026-01-27 17:03:11: [dotenv@17.2.3] injecting env (12) from .env -- tip: 🛠️  run anywhere with `dotenvx run -- yourcommand`
2026-01-27 17:03:15: [dotenv@17.2.3] injecting env (12) from .env -- tip: ⚙️  suppress all logs with { quiet: true }
2026-01-27 17:03:20: [dotenv@17.2.3] injecting env (12) from .env -- tip: 🗂️ backup and recover secrets: https://dotenvx.com/ops
2026-01-27 17:03:24: [dotenv@17.2.3] injecting env (12) from .env -- tip: 🗂️ backup and recover secrets: https://dotenvx.com/ops
2026-01-27 17:03:28: [dotenv@17.2.3] injecting env (12) from .env -- tip: ⚙️  override existing env vars with { override: true }
2026-01-27 17:03:40: [dotenv@17.2.3] injecting env (12) from .env -- tip: 🔑 add access controls to secrets: https://dotenvx.com/ops
2026-01-27 17:03:44: [dotenv@17.2.3] injecting env (12) from .env -- tip: 📡 add observability to secrets: https://dotenvx.com/ops
2026-01-27 17:03:48: [dotenv@17.2.3] injecting env (12) from .env -- tip: 🛠️  run anywhere with `dotenvx run -- yourcommand`
2026-01-27 17:03:52: [dotenv@17.2.3] injecting env (12) from .env -- tip: ⚙️  write to custom object with { processEnv: myObject }
2026-01-27 17:03:57: [dotenv@17.2.3] injecting env (12) from .env -- tip: ⚙️  load multiple .env files with { path: ['.env.local', '.env'] }
2026-01-27 17:04:01: [dotenv@17.2.3] injecting env (12) from .env -- tip: ⚙️  write to custom object with { processEnv: myObject }
2026-01-27 17:04:05: [dotenv@17.2.3] injecting env (12) from .env -- tip: ⚙️  load multiple .env files with { path: ['.env.local', '.env'] }
2026-01-27 17:04:09: [dotenv@17.2.3] injecting env (12) from .env -- tip: 🔐 prevent committing .env to code: https://dotenvx.com/precommit
2026-01-27 17:04:14: [dotenv@17.2.3] injecting env (12) from .env -- tip: ⚙️  load multiple .env files with { path: ['.env.local', '.env'] }
2026-01-27 17:04:18: [dotenv@17.2.3] injecting env (12) from .env -- tip: 🔄 add secrets lifecycle management: https://dotenvx.com/ops
2026-01-27 17:04:22: [dotenv@17.2.3] injecting env (12) from .env -- tip: 🔐 encrypt with Dotenvx: https://dotenvx.com
2026-01-27 17:04:26: [dotenv@17.2.3] injecting env (12) from .env -- tip: 🔑 add access controls to secrets: https://dotenvx.com/ops
2026-01-27 17:04:30: [dotenv@17.2.3] injecting env (12) from .env -- tip: 🔐 encrypt with Dotenvx: https://dotenvx.com
2026-01-27 17:04:35: [dotenv@17.2.3] injecting env (12) from .env -- tip: 🗂️ backup and recover secrets: https://dotenvx.com/ops
2026-01-27 17:04:39: [dotenv@17.2.3] injecting env (12) from .env -- tip: ⚙️  write to custom object with { processEnv: myObject }
2026-01-27 17:04:43: [dotenv@17.2.3] injecting env (12) from .env -- tip: ✅ audit secrets and track compliance: https://dotenvx.com/ops
2026-01-27 17:04:47: [dotenv@17.2.3] injecting env (12) from .env -- tip: 🔐 encrypt with Dotenvx: https://dotenvx.com
2026-01-27 17:04:52: [dotenv@17.2.3] injecting env (12) from .env -- tip: ✅ audit secrets and track compliance: https://dotenvx.com/ops
2026-01-27 17:04:56: [dotenv@17.2.3] injecting env (12) from .env -- tip: ⚙️  load multiple .env files with { path: ['.env.local', '.env'] }
2026-01-27 17:05:00: [dotenv@17.2.3] injecting env (12) from .env -- tip: 🗂️ backup and recover secrets: https://dotenvx.com/ops
2026-01-27 17:05:04: [dotenv@17.2.3] injecting env (12) from .env -- tip: 🔐 prevent committing .env to code: https://dotenvx.com/precommit
2026-01-27 17:05:08: [dotenv@17.2.3] injecting env (12) from .env -- tip: ⚙️  write to custom object with { processEnv: myObject }
2026-01-27 17:05:13: [dotenv@17.2.3] injecting env (12) from .env -- tip: 🔐 prevent building .env in docker: https://dotenvx.com/prebuild
2026-01-27 17:05:17: [dotenv@17.2.3] injecting env (12) from .env -- tip: ⚙️  load multiple .env files with { path: ['.env.local', '.env'] }
2026-01-27 17:05:21: [dotenv@17.2.3] injecting env (12) from .env -- tip: 👥 sync secrets across teammates & machines: https://dotenvx.com/ops
2026-01-27 17:05:25: [dotenv@17.2.3] injecting env (12) from .env -- tip: 👥 sync secrets across teammates & machines: https://dotenvx.com/ops
2026-01-27 17:05:30: [dotenv@17.2.3] injecting env (12) from .env -- tip: 🔑 add access controls to secrets: https://dotenvx.com/ops
2026-01-27 17:05:34: [dotenv@17.2.3] injecting env (12) from .env -- tip: 👥 sync secrets across teammates & machines: https://dotenvx.com/ops
2026-01-27 17:05:38: [dotenv@17.2.3] injecting env (12) from .env -- tip: ⚙️  override existing env vars with { override: true }
2026-01-27 17:05:42: [dotenv@17.2.3] injecting env (12) from .env -- tip: 🔄 add secrets lifecycle management: https://dotenvx.com/ops
2026-01-27 17:05:46: [dotenv@17.2.3] injecting env (12) from .env -- tip: 🔑 add access controls to secrets: https://dotenvx.com/ops
2026-01-27 17:05:51: [dotenv@17.2.3] injecting env (12) from .env -- tip: ⚙️  override existing env vars with { override: true }
2026-01-27 17:05:55: [dotenv@17.2.3] injecting env (12) from .env -- tip: ⚙️  specify custom .env file path with { path: '/custom/path/.env' }
2026-01-27 17:05:59: [dotenv@17.2.3] injecting env (12) from .env -- tip: ⚙️  suppress all logs with { quiet: true }
2026-01-27 17:06:03: [dotenv@17.2.3] injecting env (12) from .env -- tip: ⚙️  enable debug logging with { debug: true }
2026-01-27 17:06:08: [dotenv@17.2.3] injecting env (12) from .env -- tip: 👥 sync secrets across teammates & machines: https://dotenvx.com/ops
2026-01-27 17:06:12: [dotenv@17.2.3] injecting env (12) from .env -- tip: ⚙️  suppress all logs with { quiet: true }
